e:\libraries\programs\hci-typography\hci-typography\hci-typography\debug\vc141.pdb
e:\libraries\programs\hci-typography\hci-typography\hci-typography\debug\vc141.idb
e:\libraries\programs\hci-typography\hci-typography\hci-typography\debug\animateauthor.obj
e:\libraries\programs\hci-typography\hci-typography\hci-typography\debug\animatecredits.obj
e:\libraries\programs\hci-typography\hci-typography\hci-typography\debug\animatelicense.obj
e:\libraries\programs\hci-typography\hci-typography\hci-typography\debug\animateproducer.obj
e:\libraries\programs\hci-typography\hci-typography\hci-typography\debug\animatesplash.obj
e:\libraries\programs\hci-typography\hci-typography\hci-typography\debug\game.obj
e:\libraries\programs\hci-typography\hci-typography\hci-typography\debug\main.obj
c:\users\c00220950\desktop\hci-typography\hci-typography\hci-typography\debug\vc141.pdb
c:\users\c00220950\desktop\hci-typography\hci-typography\hci-typography\debug\vc141.idb
c:\users\c00220950\desktop\hci-typography\hci-typography\hci-typography\debug\animateauthor.obj
c:\users\c00220950\desktop\hci-typography\hci-typography\hci-typography\debug\animatecredits.obj
c:\users\c00220950\desktop\hci-typography\hci-typography\hci-typography\debug\animatelicense.obj
c:\users\c00220950\desktop\hci-typography\hci-typography\hci-typography\debug\animateproducer.obj
c:\users\c00220950\desktop\hci-typography\hci-typography\hci-typography\debug\animatesplash.obj
e:\libraries\programs\hci-typography\hci-typography\debug\hci-typography.exe
e:\libraries\programs\hci-typography\hci-typography\debug\hci-typography.ilk
e:\libraries\programs\hci-typography\hci-typography\debug\hci-typography.pdb
c:\users\c00220950\desktop\hci-typography\hci-typography\debug\hci-typography.pdb
c:\users\c00220950\desktop\hci-typography\hci-typography\debug\hci-typography.exe
c:\users\c00220950\desktop\hci-typography\hci-typography\debug\hci-typography.ilk
c:\users\c00220950\desktop\hci-typography\hci-typography\hci-typography\debug\hci-typography.tlog\cl.command.1.tlog
c:\users\c00220950\desktop\hci-typography\hci-typography\hci-typography\debug\hci-typography.tlog\cl.read.1.tlog
c:\users\c00220950\desktop\hci-typography\hci-typography\hci-typography\debug\hci-typography.tlog\cl.write.1.tlog
c:\users\c00220950\desktop\hci-typography\hci-typography\hci-typography\debug\hci-typography.tlog\link.command.1.tlog
c:\users\c00220950\desktop\hci-typography\hci-typography\hci-typography\debug\hci-typography.tlog\link.read.1.tlog
c:\users\c00220950\desktop\hci-typography\hci-typography\hci-typography\debug\hci-typography.tlog\link.write.1.tlog
